2025-07-17 23:14:21,488 - werkzeug - WARNING -  * Debugger is active!
2025-07-17 23:14:21,493 - werkzeug - INFO -  * Debugger PIN: 820-232-002
2025-07-17 23:14:21,630 - werkzeug - WARNING -  * Debugger is active!
2025-07-17 23:14:21,630 - werkzeug - WARNING -  * Debugger is active!
2025-07-17 23:14:21,631 - werkzeug - WARNING -  * Debugger is active!
2025-07-17 23:14:21,634 - werkzeug - INFO -  * Debugger PIN: 820-232-002
2025-07-17 23:14:21,635 - werkzeug - INFO -  * Debugger PIN: 820-232-002
2025-07-17 23:14:21,799 - werkzeug - WARNING -  * Debugger is active!
2025-07-17 23:14:21,802 - werkzeug - INFO -  * Debugger PIN: 820-232-002
2025-07-17 23:14:24,544 - werkzeug - INFO -  * Detected change in 'C:\\Users\\hassa\\OneDrive\\Desktop\\Programs\\red-fox-clean\\Animalchannel.py', reloading
2025-07-17 23:14:24,686 - werkzeug - INFO -  * Detected change in 'C:\\Users\\hassa\\OneDrive\\Desktop\\Programs\\red-fox-clean\\Animalchannel.py', reloading
2025-07-17 23:14:24,686 - werkzeug - INFO -  * Detected change in 'C:\\Users\\hassa\\OneDrive\\Desktop\\Programs\\red-fox-clean\\Animalchannel.py', reloading
2025-07-17 23:14:24,686 - werkzeug - INFO -  * Detected change in 'C:\\Users\\hassa\\OneDrive\\Desktop\\Programs\\red-fox-clean\\Animalchannel.py', reloading
2025-07-17 23:14:24,857 - werkzeug - INFO -  * Detected change in 'C:\\Users\\hassa\\OneDrive\\Desktop\\Programs\\red-fox-clean\\Animalchannel.py', reloading
2025-07-17 23:14:25,860 - werkzeug - WARNING -  * Debugger is active!
2025-07-17 23:14:25,863 - werkzeug - INFO -  * Debugger PIN: 820-232-002
2025-07-17 23:14:26,020 - werkzeug - WARNING -  * Debugger is active!
2025-07-17 23:14:26,022 - werkzeug - WARNING -  * Debugger is active!
2025-07-17 23:14:26,026 - werkzeug - INFO -  * Debugger PIN: 820-232-002
2025-07-17 23:14:26,026 - werkzeug - INFO -  * Debugger PIN: 820-232-002
2025-07-17 23:14:26,026 - werkzeug - INFO -  * Debugger PIN: 820-232-002
2025-07-17 23:14:26,137 - werkzeug - WARNING -  * Debugger is active!
2025-07-17 23:14:26,140 - werkzeug - INFO -  * Debugger PIN: 820-232-002
2025-07-17 23:15:06,461 - werkzeug - INFO -  * Detected change in 'C:\\Users\\hassa\\OneDrive\\Desktop\\Programs\\red-fox-clean\\Animalchannel.py', reloading
2025-07-17 23:15:06,696 - werkzeug - INFO -  * Detected change in 'C:\\Users\\hassa\\OneDrive\\Desktop\\Programs\\red-fox-clean\\Animalchannel.py', reloading
2025-07-17 23:15:06,696 - werkzeug - INFO -  * Detected change in 'C:\\Users\\hassa\\OneDrive\\Desktop\\Programs\\red-fox-clean\\Animalchannel.py', reloading
2025-07-17 23:15:06,697 - werkzeug - INFO -  * Detected change in 'C:\\Users\\hassa\\OneDrive\\Desktop\\Programs\\red-fox-clean\\Animalchannel.py', reloading
2025-07-17 23:15:06,711 - werkzeug - INFO -  * Detected change in 'C:\\Users\\hassa\\OneDrive\\Desktop\\Programs\\red-fox-clean\\Animalchannel.py', reloading
2025-07-17 23:15:07,885 - werkzeug - WARNING -  * Debugger is active!
2025-07-17 23:15:07,889 - werkzeug - INFO -  * Debugger PIN: 820-232-002
2025-07-17 23:15:08,144 - werkzeug - WARNING -  * Debugger is active!
2025-07-17 23:15:08,144 - werkzeug - WARNING -  * Debugger is active!
2025-07-17 23:15:08,148 - werkzeug - INFO -  * Debugger PIN: 820-232-002
2025-07-17 23:15:08,148 - werkzeug - INFO -  * Debugger PIN: 820-232-002
2025-07-17 23:15:08,148 - werkzeug - INFO -  * Debugger PIN: 820-232-002
2025-07-17 23:15:08,148 - werkzeug - WARNING -  * Debugger is active!
2025-07-17 23:15:08,151 - werkzeug - INFO -  * Debugger PIN: 820-232-002
2025-07-17 23:23:26,610 - werkzeug - INFO -  * Detected change in 'C:\\Users\\hassa\\OneDrive\\Desktop\\Programs\\red-fox-clean\\flask_server.py', reloading
2025-07-17 23:23:26,923 - werkzeug - INFO -  * Detected change in 'C:\\Users\\hassa\\OneDrive\\Desktop\\Programs\\red-fox-clean\\flask_server.py', reloading
2025-07-17 23:23:27,315 - werkzeug - INFO -  * Detected change in 'C:\\Users\\hassa\\OneDrive\\Desktop\\Programs\\red-fox-clean\\flask_server.py', reloading
2025-07-17 23:23:27,378 - werkzeug - INFO -  * Detected change in 'C:\\Users\\hassa\\OneDrive\\Desktop\\Programs\\red-fox-clean\\flask_server.py', reloading
2025-07-17 23:23:27,408 - werkzeug - INFO -  * Detected change in 'C:\\Users\\hassa\\OneDrive\\Desktop\\Programs\\red-fox-clean\\flask_server.py', reloading
2025-07-17 23:23:27,953 - werkzeug - WARNING -  * Debugger is active!
2025-07-17 23:23:27,958 - werkzeug - INFO -  * Debugger PIN: 820-232-002
2025-07-17 23:23:28,251 - werkzeug - WARNING -  * Debugger is active!
2025-07-17 23:23:28,255 - werkzeug - INFO -  * Debugger PIN: 820-232-002
2025-07-17 23:23:28,625 - werkzeug - WARNING -  * Debugger is active!
2025-07-17 23:23:28,629 - werkzeug - INFO -  * Debugger PIN: 820-232-002
2025-07-17 23:23:28,674 - werkzeug - WARNING -  * Debugger is active!
2025-07-17 23:23:28,677 - werkzeug - INFO -  * Debugger PIN: 820-232-002
2025-07-17 23:23:28,692 - werkzeug - WARNING -  * Debugger is active!
2025-07-17 23:23:28,695 - werkzeug - INFO -  * Debugger PIN: 820-232-002
2025-07-17 23:24:03,824 - werkzeug - INFO -  * Detected change in 'C:\\Users\\hassa\\OneDrive\\Desktop\\Programs\\red-fox-clean\\flask_server.py', reloading
2025-07-17 23:24:04,168 - werkzeug - INFO -  * Detected change in 'C:\\Users\\hassa\\OneDrive\\Desktop\\Programs\\red-fox-clean\\flask_server.py', reloading
2025-07-17 23:24:04,214 - werkzeug - INFO -  * Detected change in 'C:\\Users\\hassa\\OneDrive\\Desktop\\Programs\\red-fox-clean\\flask_server.py', reloading
2025-07-17 23:24:04,216 - werkzeug - INFO -  * Detected change in 'C:\\Users\\hassa\\OneDrive\\Desktop\\Programs\\red-fox-clean\\flask_server.py', reloading
2025-07-17 23:24:04,545 - werkzeug - INFO -  * Detected change in 'C:\\Users\\hassa\\OneDrive\\Desktop\\Programs\\red-fox-clean\\flask_server.py', reloading
2025-07-17 23:24:05,131 - werkzeug - WARNING -  * Debugger is active!
2025-07-17 23:24:05,135 - werkzeug - INFO -  * Debugger PIN: 820-232-002
2025-07-17 23:24:05,496 - werkzeug - WARNING -  * Debugger is active!
2025-07-17 23:24:05,500 - werkzeug - INFO -  * Debugger PIN: 820-232-002
2025-07-17 23:24:05,546 - werkzeug - WARNING -  * Debugger is active!
2025-07-17 23:24:05,547 - werkzeug - WARNING -  * Debugger is active!
2025-07-17 23:24:05,551 - werkzeug - INFO -  * Debugger PIN: 820-232-002
2025-07-17 23:24:05,551 - werkzeug - INFO -  * Debugger PIN: 820-232-002
2025-07-17 23:24:05,853 - werkzeug - WARNING -  * Debugger is active!
2025-07-17 23:24:05,857 - werkzeug - INFO -  * Debugger PIN: 820-232-002
2025-07-17 23:24:10,959 - werkzeug - INFO -  * Detected change in 'C:\\Users\\hassa\\OneDrive\\Desktop\\Programs\\red-fox-clean\\flask_server.py', reloading
2025-07-17 23:24:11,253 - werkzeug - INFO -  * Detected change in 'C:\\Users\\hassa\\OneDrive\\Desktop\\Programs\\red-fox-clean\\flask_server.py', reloading
2025-07-17 23:24:11,614 - werkzeug - INFO -  * Detected change in 'C:\\Users\\hassa\\OneDrive\\Desktop\\Programs\\red-fox-clean\\flask_server.py', reloading
2025-07-17 23:24:11,661 - werkzeug - INFO -  * Detected change in 'C:\\Users\\hassa\\OneDrive\\Desktop\\Programs\\red-fox-clean\\flask_server.py', reloading
2025-07-17 23:24:11,662 - werkzeug - INFO -  * Detected change in 'C:\\Users\\hassa\\OneDrive\\Desktop\\Programs\\red-fox-clean\\flask_server.py', reloading
2025-07-17 23:24:12,303 - werkzeug - WARNING -  * Debugger is active!
2025-07-17 23:24:12,307 - werkzeug - INFO -  * Debugger PIN: 820-232-002
2025-07-17 23:24:12,607 - werkzeug - WARNING -  * Debugger is active!
2025-07-17 23:24:12,611 - werkzeug - INFO -  * Debugger PIN: 820-232-002
2025-07-17 23:24:12,957 - werkzeug - WARNING -  * Debugger is active!
2025-07-17 23:24:12,961 - werkzeug - INFO -  * Debugger PIN: 820-232-002
2025-07-17 23:24:12,996 - werkzeug - WARNING -  * Debugger is active!
2025-07-17 23:24:13,000 - werkzeug - WARNING -  * Debugger is active!
2025-07-17 23:24:13,000 - werkzeug - INFO -  * Debugger PIN: 820-232-002
2025-07-17 23:24:13,003 - werkzeug - INFO -  * Debugger PIN: 820-232-002
2025-07-17 23:26:11,342 - werkzeug - INFO -  * Detected change in 'C:\\Users\\hassa\\OneDrive\\Desktop\\Programs\\red-fox-clean\\flask_server.py', reloading
2025-07-17 23:26:11,732 - werkzeug - INFO -  * Detected change in 'C:\\Users\\hassa\\OneDrive\\Desktop\\Programs\\red-fox-clean\\flask_server.py', reloading
2025-07-17 23:26:11,826 - werkzeug - INFO -  * Detected change in 'C:\\Users\\hassa\\OneDrive\\Desktop\\Programs\\red-fox-clean\\flask_server.py', reloading
2025-07-17 23:26:11,826 - werkzeug - INFO -  * Detected change in 'C:\\Users\\hassa\\OneDrive\\Desktop\\Programs\\red-fox-clean\\flask_server.py', reloading
2025-07-17 23:26:12,044 - werkzeug - INFO -  * Detected change in 'C:\\Users\\hassa\\OneDrive\\Desktop\\Programs\\red-fox-clean\\flask_server.py', reloading
2025-07-17 23:26:12,626 - werkzeug - WARNING -  * Debugger is active!
2025-07-17 23:26:12,629 - werkzeug - INFO -  * Debugger PIN: 820-232-002
2025-07-17 23:26:13,048 - werkzeug - WARNING -  * Debugger is active!
2025-07-17 23:26:13,053 - werkzeug - INFO -  * Debugger PIN: 820-232-002
2025-07-17 23:26:13,145 - werkzeug - WARNING -  * Debugger is active!
2025-07-17 23:26:13,145 - werkzeug - WARNING -  * Debugger is active!
2025-07-17 23:26:13,148 - werkzeug - INFO -  * Debugger PIN: 820-232-002
2025-07-17 23:26:13,148 - werkzeug - INFO -  * Debugger PIN: 820-232-002
2025-07-17 23:26:13,336 - werkzeug - WARNING -  * Debugger is active!
2025-07-17 23:26:13,339 - werkzeug - INFO -  * Debugger PIN: 820-232-002
2025-07-17 23:26:30,308 - werkzeug - INFO -  * Detected change in 'C:\\Users\\hassa\\OneDrive\\Desktop\\Programs\\red-fox-clean\\flask_server.py', reloading
2025-07-17 23:26:30,449 - werkzeug - INFO -  * Detected change in 'C:\\Users\\hassa\\OneDrive\\Desktop\\Programs\\red-fox-clean\\flask_server.py', reloading
2025-07-17 23:26:30,451 - werkzeug - INFO -  * Detected change in 'C:\\Users\\hassa\\OneDrive\\Desktop\\Programs\\red-fox-clean\\flask_server.py', reloading
2025-07-17 23:26:30,605 - werkzeug - INFO -  * Detected change in 'C:\\Users\\hassa\\OneDrive\\Desktop\\Programs\\red-fox-clean\\flask_server.py', reloading
2025-07-17 23:26:30,935 - werkzeug - INFO -  * Detected change in 'C:\\Users\\hassa\\OneDrive\\Desktop\\Programs\\red-fox-clean\\flask_server.py', reloading
2025-07-17 23:26:31,773 - werkzeug - WARNING -  * Debugger is active!
2025-07-17 23:26:31,777 - werkzeug - INFO -  * Debugger PIN: 820-232-002
2025-07-17 23:26:31,895 - werkzeug - WARNING -  * Debugger is active!
2025-07-17 23:26:31,901 - werkzeug - INFO -  * Debugger PIN: 820-232-002
2025-07-17 23:26:31,901 - werkzeug - INFO -  * Debugger PIN: 820-232-002
2025-07-17 23:26:32,030 - werkzeug - WARNING -  * Debugger is active!
2025-07-17 23:26:32,034 - werkzeug - INFO -  * Debugger PIN: 820-232-002
2025-07-17 23:26:32,335 - werkzeug - WARNING -  * Debugger is active!
2025-07-17 23:26:32,339 - werkzeug - INFO -  * Debugger PIN: 820-232-002
2025-07-17 23:26:37,874 - werkzeug - INFO -  * Detected change in 'C:\\Users\\hassa\\OneDrive\\Desktop\\Programs\\red-fox-clean\\flask_server.py', reloading
2025-07-17 23:26:38,000 - werkzeug - INFO -  * Detected change in 'C:\\Users\\hassa\\OneDrive\\Desktop\\Programs\\red-fox-clean\\flask_server.py', reloading
2025-07-17 23:26:38,001 - werkzeug - INFO -  * Detected change in 'C:\\Users\\hassa\\OneDrive\\Desktop\\Programs\\red-fox-clean\\flask_server.py', reloading
2025-07-17 23:26:38,124 - werkzeug - INFO -  * Detected change in 'C:\\Users\\hassa\\OneDrive\\Desktop\\Programs\\red-fox-clean\\flask_server.py', reloading
2025-07-17 23:26:38,438 - werkzeug - INFO -  * Detected change in 'C:\\Users\\hassa\\OneDrive\\Desktop\\Programs\\red-fox-clean\\flask_server.py', reloading
2025-07-18 00:01:42,284 - Animalchannel - WARNING - OPENAI_API_KEY environment variable is not set or contains placeholder value
2025-07-18 00:01:42,284 - Animalchannel - WARNING - TELEGRAM_TOKEN environment variable is not set or contains placeholder value
2025-07-18 00:01:42,284 - Animalchannel - WARNING - GOOGLE_SHEET_ID environment variable is not set or contains placeholder value
2025-07-18 00:01:42,284 - Animalchannel - WARNING - CLOUDINARY_PRESET environment variable is not set or contains placeholder value
2025-07-18 00:01:42,284 - Animalchannel - WARNING - CLOUDINARY_URL environment variable is not set or contains placeholder value
2025-07-18 00:01:42,284 - Animalchannel - WARNING - HAILUO_AUTH environment variable is not set or contains placeholder value
2025-07-18 00:01:42,284 - Animalchannel - WARNING - KLING_API_KEY environment variable is not set or contains placeholder value
2025-07-18 00:01:42,284 - Animalchannel - WARNING - OpenAI client not initialized - OPENAI_API_KEY missing or placeholder
2025-07-18 00:01:42,284 - Animalchannel - WARNING - Telegram bot not initialized - TELEGRAM_TOKEN missing or placeholder
2025-07-18 00:01:42,291 - werkzeug - INFO - [31m[1mWARNING: This is a development server. Do not use it in a production deployment. Use a production WSGI server instead.[0m
 * Running on all addresses (0.0.0.0)
 * Running on http://127.0.0.1:5000
 * Running on http://192.168.1.157:5000
2025-07-18 00:01:42,291 - werkzeug - INFO - [33mPress CTRL+C to quit[0m
2025-07-18 00:01:52,039 - werkzeug - INFO - 127.0.0.1 - - [18/Jul/2025 00:01:52] "GET /health HTTP/1.1" 200 -
2025-07-18 00:05:57,871 - Animalchannel - WARNING - OPENAI_API_KEY environment variable is not set or contains placeholder value
2025-07-18 00:05:57,871 - Animalchannel - WARNING - TELEGRAM_TOKEN environment variable is not set or contains placeholder value
2025-07-18 00:05:57,871 - Animalchannel - WARNING - GOOGLE_SHEET_ID environment variable is not set or contains placeholder value
2025-07-18 00:05:57,871 - Animalchannel - WARNING - CLOUDINARY_PRESET environment variable is not set or contains placeholder value
2025-07-18 00:05:57,871 - Animalchannel - WARNING - CLOUDINARY_URL environment variable is not set or contains placeholder value
2025-07-18 00:05:57,871 - Animalchannel - WARNING - HAILUO_AUTH environment variable is not set or contains placeholder value
2025-07-18 00:05:57,871 - Animalchannel - WARNING - KLING_API_KEY environment variable is not set or contains placeholder value
2025-07-18 00:05:57,871 - Animalchannel - WARNING - OpenAI client not initialized - OPENAI_API_KEY missing or placeholder
2025-07-18 00:05:57,871 - Animalchannel - WARNING - Telegram bot not initialized - TELEGRAM_TOKEN missing or placeholder
2025-07-18 00:05:57,878 - werkzeug - INFO - [31m[1mWARNING: This is a development server. Do not use it in a production deployment. Use a production WSGI server instead.[0m
 * Running on all addresses (0.0.0.0)
 * Running on http://127.0.0.1:5000
 * Running on http://192.168.1.157:5000
2025-07-18 00:05:57,878 - werkzeug - INFO - [33mPress CTRL+C to quit[0m
2025-07-18 00:08:04,511 - Animalchannel - WARNING - OPENAI_API_KEY environment variable is not set or contains placeholder value
2025-07-18 00:08:04,511 - Animalchannel - WARNING - TELEGRAM_TOKEN environment variable is not set or contains placeholder value
2025-07-18 00:08:04,511 - Animalchannel - WARNING - GOOGLE_SHEET_ID environment variable is not set or contains placeholder value
2025-07-18 00:08:04,511 - Animalchannel - WARNING - CLOUDINARY_PRESET environment variable is not set or contains placeholder value
2025-07-18 00:08:04,511 - Animalchannel - WARNING - CLOUDINARY_URL environment variable is not set or contains placeholder value
2025-07-18 00:08:04,511 - Animalchannel - WARNING - HAILUO_AUTH environment variable is not set or contains placeholder value
2025-07-18 00:08:04,512 - Animalchannel - WARNING - KLING_API_KEY environment variable is not set or contains placeholder value
2025-07-18 00:08:04,512 - Animalchannel - WARNING - OpenAI client not initialized - OPENAI_API_KEY missing or placeholder
2025-07-18 00:08:04,512 - Animalchannel - WARNING - Telegram bot not initialized - TELEGRAM_TOKEN missing or placeholder
2025-07-18 00:09:46,946 - Animalchannel - WARNING - OPENAI_API_KEY environment variable is not set or contains placeholder value
2025-07-18 00:09:46,946 - Animalchannel - WARNING - TELEGRAM_TOKEN environment variable is not set or contains placeholder value
2025-07-18 00:09:46,947 - Animalchannel - WARNING - GOOGLE_SHEET_ID environment variable is not set or contains placeholder value
2025-07-18 00:09:46,947 - Animalchannel - WARNING - CLOUDINARY_PRESET environment variable is not set or contains placeholder value
2025-07-18 00:09:46,947 - Animalchannel - WARNING - CLOUDINARY_URL environment variable is not set or contains placeholder value
2025-07-18 00:09:46,947 - Animalchannel - WARNING - HAILUO_AUTH environment variable is not set or contains placeholder value
2025-07-18 00:09:46,947 - Animalchannel - WARNING - KLING_API_KEY environment variable is not set or contains placeholder value
2025-07-18 00:09:46,947 - Animalchannel - WARNING - OpenAI client not initialized - OPENAI_API_KEY missing or placeholder
2025-07-18 00:09:46,947 - Animalchannel - WARNING - Telegram bot not initialized - TELEGRAM_TOKEN missing or placeholder
2025-07-18 02:47:42,691 - Animalchannel - WARNING - OPENAI_API_KEY environment variable is not set or contains placeholder value
2025-07-18 02:47:42,691 - Animalchannel - WARNING - GOOGLE_SHEET_ID environment variable is not set or contains placeholder value
2025-07-18 02:47:42,691 - Animalchannel - WARNING - CLOUDINARY_PRESET environment variable is not set or contains placeholder value
2025-07-18 02:47:42,691 - Animalchannel - WARNING - CLOUDINARY_URL environment variable is not set or contains placeholder value
2025-07-18 02:47:42,691 - Animalchannel - WARNING - HAILUO_AUTH environment variable is not set or contains placeholder value
2025-07-18 02:47:42,691 - Animalchannel - WARNING - KLING_API_KEY environment variable is not set or contains placeholder value
2025-07-18 02:47:42,691 - Animalchannel - WARNING - OpenAI client not initialized - OPENAI_API_KEY missing or placeholder
2025-07-18 02:47:49,344 - Animalchannel - WARNING - OPENAI_API_KEY environment variable is not set or contains placeholder value
2025-07-18 02:47:49,344 - Animalchannel - WARNING - GOOGLE_SHEET_ID environment variable is not set or contains placeholder value
2025-07-18 02:47:49,344 - Animalchannel - WARNING - CLOUDINARY_PRESET environment variable is not set or contains placeholder value
2025-07-18 02:47:49,344 - Animalchannel - WARNING - CLOUDINARY_URL environment variable is not set or contains placeholder value
2025-07-18 02:47:49,344 - Animalchannel - WARNING - HAILUO_AUTH environment variable is not set or contains placeholder value
2025-07-18 02:47:49,344 - Animalchannel - WARNING - KLING_API_KEY environment variable is not set or contains placeholder value
2025-07-18 02:47:49,344 - Animalchannel - WARNING - OpenAI client not initialized - OPENAI_API_KEY missing or placeholder
2025-07-18 02:47:57,907 - Animalchannel - WARNING - OPENAI_API_KEY environment variable is not set or contains placeholder value
2025-07-18 02:47:57,907 - Animalchannel - WARNING - GOOGLE_SHEET_ID environment variable is not set or contains placeholder value
2025-07-18 02:47:57,907 - Animalchannel - WARNING - CLOUDINARY_PRESET environment variable is not set or contains placeholder value
2025-07-18 02:47:57,907 - Animalchannel - WARNING - CLOUDINARY_URL environment variable is not set or contains placeholder value
2025-07-18 02:47:57,907 - Animalchannel - WARNING - HAILUO_AUTH environment variable is not set or contains placeholder value
2025-07-18 02:47:57,907 - Animalchannel - WARNING - KLING_API_KEY environment variable is not set or contains placeholder value
2025-07-18 02:47:57,907 - Animalchannel - WARNING - OpenAI client not initialized - OPENAI_API_KEY missing or placeholder
2025-07-18 02:47:57,911 - flask_server - INFO - Getting story status for ID: 6f0aa642-a21d-4b0d-b124-6a422bafb398
2025-07-18 02:47:57,911 - flask_server - DEBUG - Story 6f0aa642-a21d-4b0d-b124-6a422bafb398 status: processing, completed: 2/20
2025-07-18 02:47:57,911 - flask_server - DEBUG - Story 6f0aa642-a21d-4b0d-b124-6a422bafb398 images: 2 images available
2025-07-18 02:47:57,911 - flask_server - INFO - Getting story status for ID: invalid-id
2025-07-18 02:47:57,911 - flask_server - WARNING - Story not found: invalid-id
2025-07-18 02:48:20,583 - Animalchannel - WARNING - OPENAI_API_KEY environment variable is not set or contains placeholder value
2025-07-18 02:48:20,583 - Animalchannel - WARNING - GOOGLE_SHEET_ID environment variable is not set or contains placeholder value
2025-07-18 02:48:20,583 - Animalchannel - WARNING - CLOUDINARY_PRESET environment variable is not set or contains placeholder value
2025-07-18 02:48:20,583 - Animalchannel - WARNING - CLOUDINARY_URL environment variable is not set or contains placeholder value
2025-07-18 02:48:20,583 - Animalchannel - WARNING - HAILUO_AUTH environment variable is not set or contains placeholder value
2025-07-18 02:48:20,583 - Animalchannel - WARNING - KLING_API_KEY environment variable is not set or contains placeholder value
2025-07-18 02:48:20,583 - Animalchannel - WARNING - OpenAI client not initialized - OPENAI_API_KEY missing or placeholder
2025-07-18 02:48:57,545 - Animalchannel - WARNING - OPENAI_API_KEY environment variable is not set or contains placeholder value
2025-07-18 02:48:57,545 - Animalchannel - WARNING - GOOGLE_SHEET_ID environment variable is not set or contains placeholder value
2025-07-18 02:48:57,545 - Animalchannel - WARNING - CLOUDINARY_PRESET environment variable is not set or contains placeholder value
2025-07-18 02:48:57,545 - Animalchannel - WARNING - CLOUDINARY_URL environment variable is not set or contains placeholder value
2025-07-18 02:48:57,545 - Animalchannel - WARNING - HAILUO_AUTH environment variable is not set or contains placeholder value
2025-07-18 02:48:57,545 - Animalchannel - WARNING - KLING_API_KEY environment variable is not set or contains placeholder value
2025-07-18 02:48:57,545 - Animalchannel - WARNING - OpenAI client not initialized - OPENAI_API_KEY missing or placeholder
2025-07-18 02:48:57,549 - flask_server - INFO - Getting story status for ID: bc4747a2-4206-4072-8f25-be009e67c1fe
2025-07-18 02:48:57,549 - flask_server - DEBUG - Story bc4747a2-4206-4072-8f25-be009e67c1fe status: processing, completed: 3/20
2025-07-18 02:48:57,549 - flask_server - DEBUG - Story bc4747a2-4206-4072-8f25-be009e67c1fe images: 3 images available
2025-07-18 02:48:57,550 - flask_server - INFO - Testing SSE emission for story: bc4747a2-4206-4072-8f25-be009e67c1fe
2025-07-18 02:48:57,550 - flask_server - DEBUG - Attempting SSE emit for story bc4747a2-4206-4072-8f25-be009e67c1fe, scene 1, URL length 34
2025-07-18 02:49:01,617 - flask_server - ERROR - Failed to emit SSE event for story bc4747a2-4206-4072-8f25-be009e67c1fe, scene 1
Traceback (most recent call last):
  File "C:\Users\hassa\AppData\Local\Programs\Python\Python310\lib\site-packages\redis\connection.py", line 385, in connect_check_health
    sock = self.retry.call_with_retry(
  File "C:\Users\hassa\AppData\Local\Programs\Python\Python310\lib\site-packages\redis\retry.py", line 87, in call_with_retry
    return do()
  File "C:\Users\hassa\AppData\Local\Programs\Python\Python310\lib\site-packages\redis\connection.py", line 386, in <lambda>
    lambda: self._connect(), lambda error: self.disconnect(error)
  File "C:\Users\hassa\AppData\Local\Programs\Python\Python310\lib\site-packages\redis\connection.py", line 797, in _connect
    raise err
  File "C:\Users\hassa\AppData\Local\Programs\Python\Python310\lib\site-packages\redis\connection.py", line 781, in _connect
    sock.connect(socket_address)
ConnectionRefusedError: [WinError 10061] No connection could be made because the target machine actively refused it

During handling of the above exception, another exception occurred:

Traceback (most recent call last):
  File "C:\Users\hassa\OneDrive\Desktop\Programs\red-fox-clean\flask_server.py", line 59, in emit_image_event
    sse.publish({
  File "C:\Users\hassa\AppData\Local\Programs\Python\Python310\lib\site-packages\flask_sse.py", line 131, in publish
    return self.redis.publish(channel=channel, message=msg_json)
  File "C:\Users\hassa\AppData\Local\Programs\Python\Python310\lib\site-packages\redis\commands\core.py", line 5733, in publish
    return self.execute_command("PUBLISH", channel, message, **kwargs)
  File "C:\Users\hassa\AppData\Local\Programs\Python\Python310\lib\site-packages\redis\client.py", line 623, in execute_command
    return self._execute_command(*args, **options)
  File "C:\Users\hassa\AppData\Local\Programs\Python\Python310\lib\site-packages\redis\client.py", line 629, in _execute_command
    conn = self.connection or pool.get_connection()
  File "C:\Users\hassa\AppData\Local\Programs\Python\Python310\lib\site-packages\redis\utils.py", line 191, in wrapper
    return func(*args, **kwargs)
  File "C:\Users\hassa\AppData\Local\Programs\Python\Python310\lib\site-packages\redis\connection.py", line 1530, in get_connection
    connection.connect()
  File "C:\Users\hassa\AppData\Local\Programs\Python\Python310\lib\site-packages\redis\connection.py", line 379, in connect
    self.connect_check_health(check_health=True)
  File "C:\Users\hassa\AppData\Local\Programs\Python\Python310\lib\site-packages\redis\connection.py", line 391, in connect_check_health
    raise ConnectionError(self._error_message(e))
redis.exceptions.ConnectionError: Error 10061 connecting to localhost:6379. No connection could be made because the target machine actively refused it.
2025-07-18 02:49:01,649 - flask_server - INFO - Getting story status for ID: invalid-story-id
2025-07-18 02:49:01,649 - flask_server - WARNING - Story not found: invalid-story-id
